<?xml version="1.0" encoding="UTF-8"?>
<testng-results ignored="0" total="1" passed="1" failed="0" skipped="0">
  <reporter-output>
  </reporter-output>
  <suite started-at="2023-08-14T12:15:23 IST" name="opencartSuite" finished-at="2023-08-14T12:15:35 IST" duration-ms="11821">
    <groups>
    </groups>
    <test started-at="2023-08-14T12:15:23 IST" name="Test" finished-at="2023-08-14T12:15:35 IST" duration-ms="11821">
      <class name="testcases.Tc_002logintest">
        <test-method is-config="true" signature="setup(java.lang.String)[pri:0, instance:testcases.Tc_002logintest@595b007d]" started-at="2023-08-14T12:15:24 IST" name="setup" finished-at="2023-08-14T12:15:31 IST" duration-ms="7579" status="PASS">
          <params>
            <param index="0">
              <value>
                <![CDATA[chrome]]>
              </value>
            </param>
          </params>
          <reporter-output>
          </reporter-output>
        </test-method> <!-- setup -->
        <test-method signature="testloginsetup()[pri:0, instance:testcases.Tc_002logintest@595b007d]" started-at="2023-08-14T12:15:31 IST" name="testloginsetup" finished-at="2023-08-14T12:15:35 IST" duration-ms="3202" status="PASS">
          <reporter-output>
          </reporter-output>
        </test-method> <!-- testloginsetup -->
        <test-method is-config="true" signature="tearDown()[pri:0, instance:testcases.Tc_002logintest@595b007d]" started-at="2023-08-14T12:15:35 IST" name="tearDown" finished-at="2023-08-14T12:15:35 IST" duration-ms="396" status="PASS">
          <reporter-output>
          </reporter-output>
        </test-method> <!-- tearDown -->
      </class> <!-- testcases.Tc_002logintest -->
    </test> <!-- Test -->
  </suite> <!-- opencartSuite -->
</testng-results>
