<?xml version="1.0" encoding="UTF-8"?>
<testng-results ignored="0" total="1" passed="1" failed="0" skipped="0">
  <reporter-output>
  </reporter-output>
  <suite started-at="2023-07-31T11:03:18 IST" name="opencartSuite" finished-at="2023-07-31T11:03:31 IST" duration-ms="12289">
    <groups>
    </groups>
    <test started-at="2023-07-31T11:03:18 IST" name="Test" finished-at="2023-07-31T11:03:31 IST" duration-ms="12289">
      <class name="testcases.Tc_002logintest">
        <test-method is-config="true" signature="setup(java.lang.String)[pri:0, instance:testcases.Tc_002logintest@dd8ba08]" started-at="2023-07-31T11:03:19 IST" name="setup" finished-at="2023-07-31T11:03:27 IST" duration-ms="7430" status="PASS">
          <params>
            <param index="0">
              <value>
                <![CDATA[chrome]]>
              </value>
            </param>
          </params>
          <reporter-output>
          </reporter-output>
        </test-method> <!-- setup -->
        <test-method signature="testloginsetup()[pri:0, instance:testcases.Tc_002logintest@dd8ba08]" started-at="2023-07-31T11:03:27 IST" name="testloginsetup" finished-at="2023-07-31T11:03:30 IST" duration-ms="3518" status="PASS">
          <reporter-output>
          </reporter-output>
        </test-method> <!-- testloginsetup -->
        <test-method is-config="true" signature="tearDown()[pri:0, instance:testcases.Tc_002logintest@dd8ba08]" started-at="2023-07-31T11:03:30 IST" name="tearDown" finished-at="2023-07-31T11:03:31 IST" duration-ms="449" status="PASS">
          <reporter-output>
          </reporter-output>
        </test-method> <!-- tearDown -->
      </class> <!-- testcases.Tc_002logintest -->
    </test> <!-- Test -->
  </suite> <!-- opencartSuite -->
</testng-results>
